Arguments: 
  /usr/bin/node /usr/local/bin/yarn

PATH: 
  /usr/local/sbin:/usr/local/bin:/usr/sbin:/usr/bin:/sbin:/bin:/usr/games:/usr/local/games:/snap/bin:/snap/bin

Yarn version: 
  1.22.19

Node version: 
  18.13.0

Platform: 
  linux x64

Trace: 
  SyntaxError: /home/manoel/Documentos/Projetos/expense_tracker_backend/package.json: Unexpected token } in JSON at position 828
      at JSON.parse (<anonymous>)
      at /usr/local/lib/node_modules/yarn/lib/cli.js:1629:59
      at Generator.next (<anonymous>)
      at step (/usr/local/lib/node_modules/yarn/lib/cli.js:310:30)
      at /usr/local/lib/node_modules/yarn/lib/cli.js:321:13

npm manifest: 
  {
    "name": "expense_tracker_backend",
    "version": "1.0.0",
    "description": "backend to manager and save datas of the project expense tracker",
    "main": "index.js",
    "scripts": {
      "build": "tsc -p .",
      "start": "node dist/server.js",
      "dev": "ts-node-dev --respawn --transpile-only --ignore-watch node_modules --no-notify src/server.ts",
      "test": "echo \"Error: no test specified\" && exit 1"
    },
    "author": "Manoel Patrocinio",
    "license": "ISC",
    "devDependencies": {
      "@types/node": "^17.0.19",
      "ts-node-dev": "^1.1.8",
      "typescript": "^4.5.5"
    },
    "dependencies": {
      "@types/cors": "^2.8.12",
      "@types/express": "^4.17.13",
      "@types/mongoose": "^5.11.97",
      "cors": "^2.8.5",
      "dotenv": "^16.0.0",
      "express": "^4.17.3",
      "mongoose": "^6.2.3",
      "nodemon": "^2.0.15",
    }
  }

yarn manifest: 
  No manifest

Lockfile: 
  No lockfile
